{"/Users/CRJ/Coding/LaunchCode/SWD-2025/SWD-U1-bonus-exercises/classes-tdd-error-handling-review/utils.js": {"path":"/Users/CRJ/Coding/LaunchCode/SWD-2025/SWD-U1-bonus-exercises/classes-tdd-error-handling-review/utils.js","statementMap":{"0":{"start":{"line":3,"column":23},"end":{"line":3,"column":28}},"1":{"start":{"line":6,"column":4},"end":{"line":6,"column":42}},"2":{"start":{"line":10,"column":4},"end":{"line":10,"column":44}},"3":{"start":{"line":13,"column":0},"end":{"line":17,"column":1}}},"fnMap":{"0":{"name":"roundToPenny","decl":{"start":{"line":5,"column":9},"end":{"line":5,"column":21}},"loc":{"start":{"line":5,"column":30},"end":{"line":7,"column":1}},"line":5},"1":{"name":"roundWeight","decl":{"start":{"line":9,"column":9},"end":{"line":9,"column":20}},"loc":{"start":{"line":9,"column":29},"end":{"line":11,"column":1}},"line":9}},"branchMap":{},"s":{"0":2,"1":1,"2":3,"3":2},"f":{"0":1,"1":3},"b":{},"_coverageSchema":"1a1c01bbd47fc00a2c39e90264f33305004495a9","hash":"d500870f1183c90f835a8e6dfa5f6b6e5e506ae5"}
,"/Users/CRJ/Coding/LaunchCode/SWD-2025/SWD-U1-bonus-exercises/classes-tdd-error-handling-review/classes/Bag.js": {"path":"/Users/CRJ/Coding/LaunchCode/SWD-2025/SWD-U1-bonus-exercises/classes-tdd-error-handling-review/classes/Bag.js","statementMap":{"0":{"start":{"line":7,"column":14},"end":{"line":7,"column":36}},"1":{"start":{"line":8,"column":14},"end":{"line":8,"column":35}},"2":{"start":{"line":9,"column":37},"end":{"line":9,"column":96}},"3":{"start":{"line":13,"column":2},"end":{"line":13,"column":21}},"4":{"start":{"line":14,"column":2},"end":{"line":20,"column":3}},"5":{"start":{"line":15,"column":3},"end":{"line":15,"column":58}},"6":{"start":{"line":16,"column":9},"end":{"line":20,"column":3}},"7":{"start":{"line":17,"column":3},"end":{"line":19,"column":5}},"8":{"start":{"line":21,"column":2},"end":{"line":21,"column":21}},"9":{"start":{"line":22,"column":2},"end":{"line":22,"column":19}},"10":{"start":{"line":26,"column":2},"end":{"line":26,"column":49}},"11":{"start":{"line":30,"column":8},"end":{"line":30,"column":40}},"12":{"start":{"line":31,"column":2},"end":{"line":31,"column":73}},"13":{"start":{"line":35,"column":0},"end":{"line":35,"column":21}}},"fnMap":{"0":{"name":"(anonymous_0)","decl":{"start":{"line":12,"column":1},"end":{"line":12,"column":2}},"loc":{"start":{"line":12,"column":20},"end":{"line":23,"column":2}},"line":12},"1":{"name":"(anonymous_1)","decl":{"start":{"line":25,"column":1},"end":{"line":25,"column":2}},"loc":{"start":{"line":25,"column":32},"end":{"line":27,"column":2}},"line":25},"2":{"name":"(anonymous_2)","decl":{"start":{"line":29,"column":1},"end":{"line":29,"column":2}},"loc":{"start":{"line":29,"column":32},"end":{"line":32,"column":2}},"line":29}},"branchMap":{"0":{"loc":{"start":{"line":14,"column":2},"end":{"line":20,"column":3}},"type":"if","locations":[{"start":{"line":14,"column":2},"end":{"line":20,"column":3}},{"start":{"line":16,"column":9},"end":{"line":20,"column":3}}],"line":14},"1":{"loc":{"start":{"line":16,"column":9},"end":{"line":20,"column":3}},"type":"if","locations":[{"start":{"line":16,"column":9},"end":{"line":20,"column":3}},{"start":{},"end":{}}],"line":16},"2":{"loc":{"start":{"line":25,"column":24},"end":{"line":25,"column":30}},"type":"default-arg","locations":[{"start":{"line":25,"column":29},"end":{"line":25,"column":30}}],"line":25},"3":{"loc":{"start":{"line":29,"column":24},"end":{"line":29,"column":30}},"type":"default-arg","locations":[{"start":{"line":29,"column":29},"end":{"line":29,"column":30}}],"line":29}},"s":{"0":2,"1":2,"2":2,"3":10,"4":10,"5":1,"6":9,"7":1,"8":8,"9":8,"10":3,"11":1,"12":1,"13":2},"f":{"0":10,"1":3,"2":1},"b":{"0":[1,9],"1":[1,8],"2":[1],"3":[0]},"_coverageSchema":"1a1c01bbd47fc00a2c39e90264f33305004495a9","hash":"5d59e9e6607552e71ceea3856f3f455fcc329234"}
,"/Users/CRJ/Coding/LaunchCode/SWD-2025/SWD-U1-bonus-exercises/classes-tdd-error-handling-review/classes/Candy.js": {"path":"/Users/CRJ/Coding/LaunchCode/SWD-2025/SWD-U1-bonus-exercises/classes-tdd-error-handling-review/classes/Candy.js","statementMap":{"0":{"start":{"line":9,"column":37},"end":{"line":9,"column":96}},"1":{"start":{"line":13,"column":2},"end":{"line":13,"column":19}},"2":{"start":{"line":14,"column":2},"end":{"line":16,"column":3}},"3":{"start":{"line":15,"column":3},"end":{"line":15,"column":59}},"4":{"start":{"line":17,"column":2},"end":{"line":17,"column":37}},"5":{"start":{"line":18,"column":2},"end":{"line":20,"column":3}},"6":{"start":{"line":19,"column":3},"end":{"line":19,"column":68}},"7":{"start":{"line":24,"column":0},"end":{"line":24,"column":23}}},"fnMap":{"0":{"name":"(anonymous_0)","decl":{"start":{"line":12,"column":1},"end":{"line":12,"column":2}},"loc":{"start":{"line":12,"column":34},"end":{"line":21,"column":2}},"line":12}},"branchMap":{"0":{"loc":{"start":{"line":14,"column":2},"end":{"line":16,"column":3}},"type":"if","locations":[{"start":{"line":14,"column":2},"end":{"line":16,"column":3}},{"start":{},"end":{}}],"line":14},"1":{"loc":{"start":{"line":18,"column":2},"end":{"line":20,"column":3}},"type":"if","locations":[{"start":{"line":18,"column":2},"end":{"line":20,"column":3}},{"start":{},"end":{}}],"line":18}},"s":{"0":3,"1":15,"2":15,"3":1,"4":14,"5":14,"6":1,"7":3},"f":{"0":15},"b":{"0":[1,14],"1":[1,13]},"_coverageSchema":"1a1c01bbd47fc00a2c39e90264f33305004495a9","hash":"743fcd6ba28412e7c0b78f3143902fbbf6aac970"}
,"/Users/CRJ/Coding/LaunchCode/SWD-2025/SWD-U1-bonus-exercises/classes-tdd-error-handling-review/classes/Order.js": {"path":"/Users/CRJ/Coding/LaunchCode/SWD-2025/SWD-U1-bonus-exercises/classes-tdd-error-handling-review/classes/Order.js","statementMap":{"0":{"start":{"line":9,"column":14},"end":{"line":9,"column":36}},"1":{"start":{"line":13,"column":2},"end":{"line":13,"column":17}},"2":{"start":{"line":14,"column":2},"end":{"line":14,"column":20}},"3":{"start":{"line":15,"column":2},"end":{"line":15,"column":20}},"4":{"start":{"line":16,"column":2},"end":{"line":16,"column":17}},"5":{"start":{"line":17,"column":2},"end":{"line":17,"column":25}},"6":{"start":{"line":18,"column":2},"end":{"line":18,"column":26}},"7":{"start":{"line":19,"column":2},"end":{"line":19,"column":26}},"8":{"start":{"line":23,"column":2},"end":{"line":23,"column":22}},"9":{"start":{"line":27,"column":2},"end":{"line":27,"column":63}},"10":{"start":{"line":27,"column":42},"end":{"line":27,"column":58}},"11":{"start":{"line":31,"column":2},"end":{"line":31,"column":63}},"12":{"start":{"line":43,"column":0},"end":{"line":43,"column":23}}},"fnMap":{"0":{"name":"(anonymous_0)","decl":{"start":{"line":12,"column":1},"end":{"line":12,"column":2}},"loc":{"start":{"line":12,"column":15},"end":{"line":20,"column":2}},"line":12},"1":{"name":"(anonymous_1)","decl":{"start":{"line":22,"column":1},"end":{"line":22,"column":2}},"loc":{"start":{"line":22,"column":13},"end":{"line":24,"column":2}},"line":22},"2":{"name":"(anonymous_2)","decl":{"start":{"line":26,"column":1},"end":{"line":26,"column":2}},"loc":{"start":{"line":26,"column":21},"end":{"line":28,"column":2}},"line":26},"3":{"name":"(anonymous_3)","decl":{"start":{"line":27,"column":26},"end":{"line":27,"column":27}},"loc":{"start":{"line":27,"column":42},"end":{"line":27,"column":58}},"line":27},"4":{"name":"(anonymous_4)","decl":{"start":{"line":30,"column":1},"end":{"line":30,"column":2}},"loc":{"start":{"line":30,"column":21},"end":{"line":32,"column":2}},"line":30},"5":{"name":"(anonymous_5)","decl":{"start":{"line":34,"column":1},"end":{"line":34,"column":2}},"loc":{"start":{"line":34,"column":16},"end":{"line":36,"column":2}},"line":34},"6":{"name":"(anonymous_6)","decl":{"start":{"line":38,"column":1},"end":{"line":38,"column":2}},"loc":{"start":{"line":38,"column":16},"end":{"line":40,"column":2}},"line":38}},"branchMap":{},"s":{"0":1,"1":2,"2":2,"3":2,"4":2,"5":2,"6":2,"7":2,"8":0,"9":0,"10":0,"11":0,"12":1},"f":{"0":2,"1":0,"2":0,"3":0,"4":0,"5":0,"6":0},"b":{},"_coverageSchema":"1a1c01bbd47fc00a2c39e90264f33305004495a9","hash":"c48b104149a1169d845fd5777cc8c16abb25ea86"}
,"/Users/CRJ/Coding/LaunchCode/SWD-2025/SWD-U1-bonus-exercises/classes-tdd-error-handling-review/custom-errors/MissingConstructorValueError.js": {"path":"/Users/CRJ/Coding/LaunchCode/SWD-2025/SWD-U1-bonus-exercises/classes-tdd-error-handling-review/custom-errors/MissingConstructorValueError.js","statementMap":{"0":{"start":{"line":8,"column":22},"end":{"line":8,"column":118}},"1":{"start":{"line":9,"column":8},"end":{"line":9,"column":23}},"2":{"start":{"line":10,"column":8},"end":{"line":10,"column":51}},"3":{"start":{"line":14,"column":0},"end":{"line":14,"column":46}}},"fnMap":{"0":{"name":"(anonymous_0)","decl":{"start":{"line":7,"column":4},"end":{"line":7,"column":5}},"loc":{"start":{"line":7,"column":40},"end":{"line":11,"column":5}},"line":7}},"branchMap":{},"s":{"0":3,"1":3,"2":3,"3":3},"f":{"0":3},"b":{},"_coverageSchema":"1a1c01bbd47fc00a2c39e90264f33305004495a9","hash":"6e2f4b559ca4208ae5a17ae11cd39b632d96d90a"}
,"/Users/CRJ/Coding/LaunchCode/SWD-2025/SWD-U1-bonus-exercises/unit-testing/doNotCapitalize.js": {"path":"/Users/CRJ/Coding/LaunchCode/SWD-2025/SWD-U1-bonus-exercises/unit-testing/doNotCapitalize.js","statementMap":{"0":{"start":{"line":1,"column":24},"end":{"line":37,"column":1}},"1":{"start":{"line":39,"column":0},"end":{"line":39,"column":33}}},"fnMap":{},"branchMap":{},"s":{"0":1,"1":1},"f":{},"b":{},"_coverageSchema":"1a1c01bbd47fc00a2c39e90264f33305004495a9","hash":"1da88869ea45bcd70046cec23f23e0df19ac5917"}
,"/Users/CRJ/Coding/LaunchCode/SWD-2025/SWD-U1-bonus-exercises/unit-testing/examples-2.js": {"path":"/Users/CRJ/Coding/LaunchCode/SWD-2025/SWD-U1-bonus-exercises/unit-testing/examples-2.js","statementMap":{"0":{"start":{"line":1,"column":24},"end":{"line":1,"column":55}},"1":{"start":{"line":4,"column":4},"end":{"line":4,"column":46}},"2":{"start":{"line":4,"column":33},"end":{"line":4,"column":46}},"3":{"start":{"line":5,"column":1},"end":{"line":5,"column":61}},"4":{"start":{"line":9,"column":19},"end":{"line":9,"column":39}},"5":{"start":{"line":10,"column":19},"end":{"line":10,"column":39}},"6":{"start":{"line":11,"column":15},"end":{"line":11,"column":32}},"7":{"start":{"line":12,"column":4},"end":{"line":12,"column":47}},"8":{"start":{"line":16,"column":14},"end":{"line":16,"column":23}},"9":{"start":{"line":17,"column":1},"end":{"line":17,"column":42}},"10":{"start":{"line":21,"column":4},"end":{"line":21,"column":44}},"11":{"start":{"line":25,"column":4},"end":{"line":25,"column":66}},"12":{"start":{"line":25,"column":36},"end":{"line":25,"column":64}},"13":{"start":{"line":29,"column":4},"end":{"line":39,"column":15}},"14":{"start":{"line":32,"column":22},"end":{"line":32,"column":38}},"15":{"start":{"line":33,"column":8},"end":{"line":37,"column":9}},"16":{"start":{"line":34,"column":12},"end":{"line":34,"column":27}},"17":{"start":{"line":36,"column":12},"end":{"line":36,"column":58}},"18":{"start":{"line":42,"column":0},"end":{"line":49,"column":2}}},"fnMap":{"0":{"name":"isValidPhoneNumber","decl":{"start":{"line":3,"column":9},"end":{"line":3,"column":27}},"loc":{"start":{"line":3,"column":39},"end":{"line":6,"column":1}},"line":3},"1":{"name":"formatPhone","decl":{"start":{"line":8,"column":9},"end":{"line":8,"column":20}},"loc":{"start":{"line":8,"column":31},"end":{"line":13,"column":1}},"line":8},"2":{"name":"roundNumberToDecimalPlace","decl":{"start":{"line":15,"column":9},"end":{"line":15,"column":34}},"loc":{"start":{"line":15,"column":49},"end":{"line":18,"column":1}},"line":15},"3":{"name":"reverseString","decl":{"start":{"line":20,"column":9},"end":{"line":20,"column":22}},"loc":{"start":{"line":20,"column":28},"end":{"line":22,"column":1}},"line":20},"4":{"name":"getPalindromes","decl":{"start":{"line":24,"column":9},"end":{"line":24,"column":23}},"loc":{"start":{"line":24,"column":35},"end":{"line":26,"column":1}},"line":24},"5":{"name":"(anonymous_5)","decl":{"start":{"line":25,"column":28},"end":{"line":25,"column":29}},"loc":{"start":{"line":25,"column":36},"end":{"line":25,"column":64}},"line":25},"6":{"name":"getTitleCase","decl":{"start":{"line":28,"column":9},"end":{"line":28,"column":21}},"loc":{"start":{"line":28,"column":27},"end":{"line":40,"column":1}},"line":28},"7":{"name":"(anonymous_7)","decl":{"start":{"line":31,"column":9},"end":{"line":31,"column":10}},"loc":{"start":{"line":31,"column":20},"end":{"line":38,"column":5}},"line":31}},"branchMap":{"0":{"loc":{"start":{"line":4,"column":4},"end":{"line":4,"column":46}},"type":"if","locations":[{"start":{"line":4,"column":4},"end":{"line":4,"column":46}},{"start":{},"end":{}}],"line":4},"1":{"loc":{"start":{"line":5,"column":8},"end":{"line":5,"column":60}},"type":"binary-expr","locations":[{"start":{"line":5,"column":8},"end":{"line":5,"column":33}},{"start":{"line":5,"column":37},"end":{"line":5,"column":60}}],"line":5},"2":{"loc":{"start":{"line":15,"column":40},"end":{"line":15,"column":47}},"type":"default-arg","locations":[{"start":{"line":15,"column":46},"end":{"line":15,"column":47}}],"line":15},"3":{"loc":{"start":{"line":33,"column":8},"end":{"line":37,"column":9}},"type":"if","locations":[{"start":{"line":33,"column":8},"end":{"line":37,"column":9}},{"start":{"line":35,"column":15},"end":{"line":37,"column":9}}],"line":33},"4":{"loc":{"start":{"line":33,"column":12},"end":{"line":33,"column":54}},"type":"binary-expr","locations":[{"start":{"line":33,"column":12},"end":{"line":33,"column":17}},{"start":{"line":33,"column":21},"end":{"line":33,"column":54}}],"line":33}},"s":{"0":1,"1":5,"2":1,"3":4,"4":1,"5":1,"6":1,"7":1,"8":3,"9":3,"10":14,"11":2,"12":12,"13":3,"14":15,"15":15,"16":6,"17":9,"18":1},"f":{"0":5,"1":1,"2":3,"3":14,"4":2,"5":12,"6":3,"7":15},"b":{"0":[1,4],"1":[4,3],"2":[1],"3":[6,9],"4":[15,12]},"_coverageSchema":"1a1c01bbd47fc00a2c39e90264f33305004495a9","hash":"514f397f9314a3157e2f8edee3d240d500fcc778"}
,"/Users/CRJ/Coding/LaunchCode/SWD-2025/SWD-U1-bonus-exercises/unit-testing/examples.js": {"path":"/Users/CRJ/Coding/LaunchCode/SWD-2025/SWD-U1-bonus-exercises/unit-testing/examples.js","statementMap":{"0":{"start":{"line":7,"column":18},"end":{"line":7,"column":46}},"1":{"start":{"line":14,"column":12},"end":{"line":33,"column":1}},"2":{"start":{"line":30,"column":4},"end":{"line":30,"column":74}},"3":{"start":{"line":44,"column":2},"end":{"line":46,"column":3}},"4":{"start":{"line":45,"column":4},"end":{"line":45,"column":17}},"5":{"start":{"line":47,"column":16},"end":{"line":47,"column":45}},"6":{"start":{"line":48,"column":2},"end":{"line":52,"column":3}},"7":{"start":{"line":49,"column":4},"end":{"line":51,"column":5}},"8":{"start":{"line":50,"column":6},"end":{"line":50,"column":19}},"9":{"start":{"line":53,"column":2},"end":{"line":53,"column":14}},"10":{"start":{"line":58,"column":0},"end":{"line":62,"column":2}}},"fnMap":{"0":{"name":"(anonymous_0)","decl":{"start":{"line":29,"column":16},"end":{"line":29,"column":17}},"loc":{"start":{"line":29,"column":28},"end":{"line":31,"column":3}},"line":29},"1":{"name":"isAlphaOnly","decl":{"start":{"line":43,"column":9},"end":{"line":43,"column":20}},"loc":{"start":{"line":43,"column":26},"end":{"line":54,"column":1}},"line":43}},"branchMap":{"0":{"loc":{"start":{"line":44,"column":2},"end":{"line":46,"column":3}},"type":"if","locations":[{"start":{"line":44,"column":2},"end":{"line":46,"column":3}},{"start":{},"end":{}}],"line":44},"1":{"loc":{"start":{"line":44,"column":6},"end":{"line":44,"column":50}},"type":"binary-expr","locations":[{"start":{"line":44,"column":6},"end":{"line":44,"column":29}},{"start":{"line":44,"column":33},"end":{"line":44,"column":50}}],"line":44},"2":{"loc":{"start":{"line":49,"column":4},"end":{"line":51,"column":5}},"type":"if","locations":[{"start":{"line":49,"column":4},"end":{"line":51,"column":5}},{"start":{},"end":{}}],"line":49}},"s":{"0":1,"1":1,"2":2,"3":12,"4":7,"5":5,"6":5,"7":49,"8":3,"9":2,"10":1},"f":{"0":2,"1":12},"b":{"0":[7,5],"1":[12,7],"2":[3,46]},"_coverageSchema":"1a1c01bbd47fc00a2c39e90264f33305004495a9","hash":"93dbc2713673dfe1e247c179275e558906cccaf6"}
}
