{"/Users/CRJ/Coding/LaunchCode/SWD-2025/SWD-U1-bonus-exercises/unit-testing/doNotCapitalize.js": {"path":"/Users/CRJ/Coding/LaunchCode/SWD-2025/SWD-U1-bonus-exercises/unit-testing/doNotCapitalize.js","statementMap":{"0":{"start":{"line":1,"column":24},"end":{"line":37,"column":1}},"1":{"start":{"line":39,"column":0},"end":{"line":39,"column":33}}},"fnMap":{},"branchMap":{},"s":{"0":1,"1":1},"f":{},"b":{},"_coverageSchema":"1a1c01bbd47fc00a2c39e90264f33305004495a9","hash":"1da88869ea45bcd70046cec23f23e0df19ac5917"}
,"/Users/CRJ/Coding/LaunchCode/SWD-2025/SWD-U1-bonus-exercises/unit-testing/examples-2.js": {"path":"/Users/CRJ/Coding/LaunchCode/SWD-2025/SWD-U1-bonus-exercises/unit-testing/examples-2.js","statementMap":{"0":{"start":{"line":1,"column":24},"end":{"line":1,"column":55}},"1":{"start":{"line":4,"column":1},"end":{"line":4,"column":61}},"2":{"start":{"line":8,"column":16},"end":{"line":8,"column":36}},"3":{"start":{"line":9,"column":16},"end":{"line":9,"column":36}},"4":{"start":{"line":10,"column":12},"end":{"line":10,"column":29}},"5":{"start":{"line":11,"column":1},"end":{"line":11,"column":44}},"6":{"start":{"line":15,"column":14},"end":{"line":15,"column":23}},"7":{"start":{"line":16,"column":1},"end":{"line":16,"column":42}},"8":{"start":{"line":20,"column":4},"end":{"line":29,"column":14}},"9":{"start":{"line":23,"column":8},"end":{"line":27,"column":9}},"10":{"start":{"line":24,"column":12},"end":{"line":24,"column":36}},"11":{"start":{"line":26,"column":12},"end":{"line":26,"column":67}},"12":{"start":{"line":33,"column":4},"end":{"line":33,"column":44}},"13":{"start":{"line":37,"column":4},"end":{"line":37,"column":66}},"14":{"start":{"line":37,"column":36},"end":{"line":37,"column":64}},"15":{"start":{"line":40,"column":0},"end":{"line":47,"column":2}}},"fnMap":{"0":{"name":"isValidPhoneNumber","decl":{"start":{"line":3,"column":9},"end":{"line":3,"column":27}},"loc":{"start":{"line":3,"column":39},"end":{"line":5,"column":1}},"line":3},"1":{"name":"formatPhone","decl":{"start":{"line":7,"column":9},"end":{"line":7,"column":20}},"loc":{"start":{"line":7,"column":31},"end":{"line":12,"column":1}},"line":7},"2":{"name":"roundNumberToDecimalPlace","decl":{"start":{"line":14,"column":9},"end":{"line":14,"column":34}},"loc":{"start":{"line":14,"column":49},"end":{"line":17,"column":1}},"line":14},"3":{"name":"getTitleCase","decl":{"start":{"line":19,"column":9},"end":{"line":19,"column":21}},"loc":{"start":{"line":19,"column":27},"end":{"line":30,"column":1}},"line":19},"4":{"name":"(anonymous_4)","decl":{"start":{"line":22,"column":9},"end":{"line":22,"column":10}},"loc":{"start":{"line":22,"column":20},"end":{"line":28,"column":5}},"line":22},"5":{"name":"reverseString","decl":{"start":{"line":32,"column":9},"end":{"line":32,"column":22}},"loc":{"start":{"line":32,"column":28},"end":{"line":34,"column":1}},"line":32},"6":{"name":"getPalindromes","decl":{"start":{"line":36,"column":9},"end":{"line":36,"column":23}},"loc":{"start":{"line":36,"column":35},"end":{"line":38,"column":1}},"line":36},"7":{"name":"(anonymous_7)","decl":{"start":{"line":37,"column":28},"end":{"line":37,"column":29}},"loc":{"start":{"line":37,"column":36},"end":{"line":37,"column":64}},"line":37}},"branchMap":{"0":{"loc":{"start":{"line":4,"column":8},"end":{"line":4,"column":60}},"type":"binary-expr","locations":[{"start":{"line":4,"column":8},"end":{"line":4,"column":33}},{"start":{"line":4,"column":37},"end":{"line":4,"column":60}}],"line":4},"1":{"loc":{"start":{"line":14,"column":40},"end":{"line":14,"column":47}},"type":"default-arg","locations":[{"start":{"line":14,"column":46},"end":{"line":14,"column":47}}],"line":14},"2":{"loc":{"start":{"line":23,"column":8},"end":{"line":27,"column":9}},"type":"if","locations":[{"start":{"line":23,"column":8},"end":{"line":27,"column":9}},{"start":{"line":25,"column":15},"end":{"line":27,"column":9}}],"line":23},"3":{"loc":{"start":{"line":23,"column":12},"end":{"line":23,"column":63}},"type":"binary-expr","locations":[{"start":{"line":23,"column":12},"end":{"line":23,"column":17}},{"start":{"line":23,"column":21},"end":{"line":23,"column":63}}],"line":23}},"s":{"0":1,"1":3,"2":0,"3":0,"4":0,"5":0,"6":0,"7":0,"8":0,"9":0,"10":0,"11":0,"12":0,"13":0,"14":0,"15":1},"f":{"0":3,"1":0,"2":0,"3":0,"4":0,"5":0,"6":0,"7":0},"b":{"0":[3,2],"1":[0],"2":[0,0],"3":[0,0]},"_coverageSchema":"1a1c01bbd47fc00a2c39e90264f33305004495a9","hash":"0cd356056f088c71921b4f43f3c56ccfcbb70758"}
,"/Users/CRJ/Coding/LaunchCode/SWD-2025/SWD-U1-bonus-exercises/unit-testing/examples.js": {"path":"/Users/CRJ/Coding/LaunchCode/SWD-2025/SWD-U1-bonus-exercises/unit-testing/examples.js","statementMap":{"0":{"start":{"line":7,"column":18},"end":{"line":7,"column":46}},"1":{"start":{"line":14,"column":12},"end":{"line":33,"column":1}},"2":{"start":{"line":30,"column":4},"end":{"line":30,"column":74}},"3":{"start":{"line":44,"column":2},"end":{"line":46,"column":3}},"4":{"start":{"line":45,"column":4},"end":{"line":45,"column":17}},"5":{"start":{"line":47,"column":16},"end":{"line":47,"column":45}},"6":{"start":{"line":48,"column":2},"end":{"line":52,"column":3}},"7":{"start":{"line":49,"column":4},"end":{"line":51,"column":5}},"8":{"start":{"line":50,"column":6},"end":{"line":50,"column":19}},"9":{"start":{"line":53,"column":2},"end":{"line":53,"column":14}},"10":{"start":{"line":58,"column":0},"end":{"line":62,"column":2}}},"fnMap":{"0":{"name":"(anonymous_0)","decl":{"start":{"line":29,"column":16},"end":{"line":29,"column":17}},"loc":{"start":{"line":29,"column":28},"end":{"line":31,"column":3}},"line":29},"1":{"name":"isAlphaOnly","decl":{"start":{"line":43,"column":9},"end":{"line":43,"column":20}},"loc":{"start":{"line":43,"column":26},"end":{"line":54,"column":1}},"line":43}},"branchMap":{"0":{"loc":{"start":{"line":44,"column":2},"end":{"line":46,"column":3}},"type":"if","locations":[{"start":{"line":44,"column":2},"end":{"line":46,"column":3}},{"start":{},"end":{}}],"line":44},"1":{"loc":{"start":{"line":44,"column":6},"end":{"line":44,"column":50}},"type":"binary-expr","locations":[{"start":{"line":44,"column":6},"end":{"line":44,"column":29}},{"start":{"line":44,"column":33},"end":{"line":44,"column":50}}],"line":44},"2":{"loc":{"start":{"line":49,"column":4},"end":{"line":51,"column":5}},"type":"if","locations":[{"start":{"line":49,"column":4},"end":{"line":51,"column":5}},{"start":{},"end":{}}],"line":49}},"s":{"0":1,"1":1,"2":2,"3":12,"4":7,"5":5,"6":5,"7":49,"8":3,"9":2,"10":1},"f":{"0":2,"1":12},"b":{"0":[7,5],"1":[12,7],"2":[3,46]},"_coverageSchema":"1a1c01bbd47fc00a2c39e90264f33305004495a9","hash":"93dbc2713673dfe1e247c179275e558906cccaf6"}
}
