TN:
SF:classes-tdd-error-handling-review/utils.js
FN:5,roundToPenny
FN:9,roundWeight
FNF:2
FNH:2
FNDA:19,roundToPenny
FNDA:15,roundWeight
DA:3,2
DA:6,19
DA:10,15
DA:13,2
LF:4
LH:4
BRF:0
BRH:0
end_of_record
TN:
SF:classes-tdd-error-handling-review/classes/Bag.js
FN:12,(anonymous_0)
FN:25,(anonymous_1)
FN:29,(anonymous_2)
FNF:3
FNH:3
FNDA:31,(anonymous_0)
FNDA:15,(anonymous_1)
FNDA:13,(anonymous_2)
DA:7,2
DA:8,2
DA:9,2
DA:13,31
DA:14,31
DA:15,1
DA:16,30
DA:17,1
DA:21,29
DA:22,29
DA:26,15
DA:30,13
DA:31,1
DA:35,12
DA:40,2
LF:15
LH:15
BRDA:14,0,0,1
BRDA:14,0,1,30
BRDA:16,1,0,1
BRDA:16,1,1,29
BRDA:25,2,0,1
BRDA:30,3,0,1
BRDA:30,3,1,12
BRF:7
BRH:7
end_of_record
TN:
SF:classes-tdd-error-handling-review/classes/Candy.js
FN:12,(anonymous_0)
FNF:1
FNH:1
FNDA:36,(anonymous_0)
DA:9,3
DA:13,36
DA:14,36
DA:15,1
DA:17,35
DA:18,35
DA:19,1
DA:24,3
LF:8
LH:8
BRDA:14,0,0,1
BRDA:14,0,1,35
BRDA:18,1,0,1
BRDA:18,1,1,34
BRF:4
BRH:4
end_of_record
TN:
SF:classes-tdd-error-handling-review/classes/Order.js
FN:13,(anonymous_0)
FN:24,(anonymous_1)
FN:25,(anonymous_2)
FN:36,(anonymous_3)
FN:46,(anonymous_4)
FN:54,(anonymous_5)
FN:65,(anonymous_6)
FNF:7
FNH:5
FNDA:14,(anonymous_0)
FNDA:5,(anonymous_1)
FNDA:10,(anonymous_2)
FNDA:3,(anonymous_3)
FNDA:2,(anonymous_4)
FNDA:0,(anonymous_5)
FNDA:0,(anonymous_6)
DA:9,1
DA:10,1
DA:14,14
DA:15,14
DA:16,3
DA:18,11
DA:19,11
DA:20,11
DA:21,11
DA:25,5
DA:26,10
DA:27,1
DA:31,9
DA:33,4
DA:37,3
DA:38,1
DA:42,2
DA:47,2
DA:48,1
DA:50,1
DA:55,0
DA:57,0
DA:58,0
DA:59,0
DA:60,0
DA:63,0
DA:65,0
DA:66,0
DA:69,0
DA:70,0
DA:71,0
DA:72,0
DA:74,0
DA:78,1
LF:34
LH:21
BRDA:15,0,0,3
BRDA:15,0,1,11
BRDA:15,1,0,14
BRDA:15,1,1,13
BRDA:15,1,2,12
BRDA:26,2,0,1
BRDA:26,2,1,9
BRDA:37,3,0,1
BRDA:37,3,1,2
BRDA:47,4,0,1
BRDA:47,4,1,1
BRF:11
BRH:11
end_of_record
TN:
SF:classes-tdd-error-handling-review/custom-errors/MissingConstructorValueError.js
FN:6,(anonymous_0)
FNF:1
FNH:1
FNDA:3,(anonymous_0)
DA:7,3
DA:8,3
DA:9,3
DA:13,3
LF:4
LH:4
BRF:0
BRH:0
end_of_record
TN:
SF:unit-testing/doNotCapitalize.js
FNF:0
FNH:0
DA:1,1
DA:39,1
LF:2
LH:2
BRF:0
BRH:0
end_of_record
TN:
SF:unit-testing/examples-2.js
FN:3,isValidPhoneNumber
FN:8,formatPhone
FN:15,roundNumberToDecimalPlace
FN:20,reverseString
FN:24,getPalindromes
FN:25,(anonymous_5)
FN:28,getTitleCase
FN:31,(anonymous_7)
FNF:8
FNH:8
FNDA:5,isValidPhoneNumber
FNDA:1,formatPhone
FNDA:3,roundNumberToDecimalPlace
FNDA:14,reverseString
FNDA:2,getPalindromes
FNDA:12,(anonymous_5)
FNDA:3,getTitleCase
FNDA:15,(anonymous_7)
DA:1,1
DA:4,5
DA:5,4
DA:9,1
DA:10,1
DA:11,1
DA:12,1
DA:16,3
DA:17,3
DA:21,14
DA:25,12
DA:29,3
DA:32,15
DA:33,15
DA:34,6
DA:36,9
DA:42,1
LF:17
LH:17
BRDA:4,0,0,1
BRDA:4,0,1,4
BRDA:5,1,0,4
BRDA:5,1,1,3
BRDA:15,2,0,1
BRDA:33,3,0,6
BRDA:33,3,1,9
BRDA:33,4,0,15
BRDA:33,4,1,12
BRF:9
BRH:9
end_of_record
TN:
SF:unit-testing/examples.js
FN:29,(anonymous_0)
FN:43,isAlphaOnly
FNF:2
FNH:2
FNDA:2,(anonymous_0)
FNDA:12,isAlphaOnly
DA:7,1
DA:14,1
DA:30,2
DA:44,12
DA:45,7
DA:47,5
DA:48,5
DA:49,49
DA:50,3
DA:53,2
DA:58,1
LF:11
LH:11
BRDA:44,0,0,7
BRDA:44,0,1,5
BRDA:44,1,0,12
BRDA:44,1,1,7
BRDA:49,2,0,3
BRDA:49,2,1,46
BRF:6
BRH:6
end_of_record
