TN:
SF:unit-testing/doNotCapitalize.js
FNF:0
FNH:0
DA:1,1
DA:39,1
LF:2
LH:2
BRF:0
BRH:0
end_of_record
TN:
SF:unit-testing/examples-2.js
FN:3,isValidPhoneNumber
FN:7,formatPhone
FN:14,roundNumberToDecimalPlace
FN:19,getTitleCase
FN:22,(anonymous_4)
FN:32,reverseString
FN:36,getPalindromes
FN:37,(anonymous_7)
FNF:8
FNH:1
FNDA:3,isValidPhoneNumber
FNDA:0,formatPhone
FNDA:0,roundNumberToDecimalPlace
FNDA:0,getTitleCase
FNDA:0,(anonymous_4)
FNDA:0,reverseString
FNDA:0,getPalindromes
FNDA:0,(anonymous_7)
DA:1,1
DA:4,3
DA:8,0
DA:9,0
DA:10,0
DA:11,0
DA:15,0
DA:16,0
DA:20,0
DA:23,0
DA:24,0
DA:26,0
DA:33,0
DA:37,0
DA:40,1
LF:15
LH:3
BRDA:4,0,0,3
BRDA:4,0,1,2
BRDA:14,1,0,0
BRDA:23,2,0,0
BRDA:23,2,1,0
BRDA:23,3,0,0
BRDA:23,3,1,0
BRF:7
BRH:2
end_of_record
TN:
SF:unit-testing/examples.js
FN:29,(anonymous_0)
FN:43,isAlphaOnly
FNF:2
FNH:2
FNDA:2,(anonymous_0)
FNDA:12,isAlphaOnly
DA:7,1
DA:14,1
DA:30,2
DA:44,12
DA:45,7
DA:47,5
DA:48,5
DA:49,49
DA:50,3
DA:53,2
DA:58,1
LF:11
LH:11
BRDA:44,0,0,7
BRDA:44,0,1,5
BRDA:44,1,0,12
BRDA:44,1,1,7
BRDA:49,2,0,3
BRDA:49,2,1,46
BRF:6
BRH:6
end_of_record
